# JRE version: Java(TM) SE Runtime Environment (8.0_162-b12) (build 1.8.0_162-b12)
# Java VM: Java HotSpot(TM) 64-Bit Server VM (25.162-b12 mixed mode windows-amd64 compressed oops)
Heap:
 PSYoungGen      total 9728K, used 3578K [0x00000000f5b80000, 0x00000000f6780000, 0x0000000100000000)
  eden space 8704K, 29% used [0x00000000f5b80000,0x00000000f5e02830,0x00000000f6400000)
  from space 1024K, 98% used [0x00000000f6400000,0x00000000f64fc040,0x00000000f6500000)
  to   space 1024K, 0% used [0x00000000f6680000,0x00000000f6680000,0x00000000f6780000)
 ParOldGen       total 22016K, used 8666K [0x00000000e1200000, 0x00000000e2780000, 0x00000000f5b80000)
  object space 22016K, 39% used [0x00000000e1200000,0x00000000e1a769a0,0x00000000e2780000)
 Metaspace       used 17641K, capacity 17960K, committed 18304K, reserved 1064960K
  class space    used 2221K, capacity 2305K, committed 2432K, reserved 1048576K
GC Heap History (8 events):
Event: 2.688 GC heap before
{Heap before GC invocations=1 (full 0):
 PSYoungGen      total 9728K, used 8703K [0x00000000f5b80000, 0x00000000f6600000, 0x0000000100000000)
  eden space 8704K, 99% used [0x00000000f5b80000,0x00000000f63ffd08,0x00000000f6400000)
  from space 1024K, 0% used [0x00000000f6500000,0x00000000f6500000,0x00000000f6600000)
  to   space 1024K, 0% used [0x00000000f6400000,0x00000000f6400000,0x00000000f6500000)
 ParOldGen       total 22016K, used 0K [0x00000000e1200000, 0x00000000e2780000, 0x00000000f5b80000)
  object space 22016K, 0% used [0x00000000e1200000,0x00000000e1200000,0x00000000e2780000)
 Metaspace       used 8140K, capacity 8406K, committed 8576K, reserved 1056768K
  class space    used 933K, capacity 1031K, committed 1152K, reserved 1048576K
Event: 2.705 GC heap after
Heap after GC invocations=1 (full 0):
 PSYoungGen      total 9728K, used 1008K [0x00000000f5b80000, 0x00000000f6600000, 0x0000000100000000)
  eden space 8704K, 0% used [0x00000000f5b80000,0x00000000f5b80000,0x00000000f6400000)
  from space 1024K, 98% used [0x00000000f6400000,0x00000000f64fc010,0x00000000f6500000)
  to   space 1024K, 0% used [0x00000000f6500000,0x00000000f6500000,0x00000000f6600000)
 ParOldGen       total 22016K, used 11289K [0x00000000e1200000, 0x00000000e2780000, 0x00000000f5b80000)
  object space 22016K, 51% used [0x00000000e1200000,0x00000000e1d06430,0x00000000e2780000)
 Metaspace       used 8140K, capacity 8406K, committed 8576K, reserved 1056768K
  class space    used 933K, capacity 1031K, committed 1152K, reserved 1048576K
}
Event: 2.706 GC heap before
{Heap before GC invocations=2 (full 1):
 PSYoungGen      total 9728K, used 1008K [0x00000000f5b80000, 0x00000000f6600000, 0x0000000100000000)
  eden space 8704K, 0% used [0x00000000f5b80000,0x00000000f5b80000,0x00000000f6400000)
  from space 1024K, 98% used [0x00000000f6400000,0x00000000f64fc010,0x00000000f6500000)
  to   space 1024K, 0% used [0x00000000f6500000,0x00000000f6500000,0x00000000f6600000)
 ParOldGen       total 22016K, used 11289K [0x00000000e1200000, 0x00000000e2780000, 0x00000000f5b80000)
  object space 22016K, 51% used [0x00000000e1200000,0x00000000e1d06430,0x00000000e2780000)
 Metaspace       used 8140K, capacity 8406K, committed 8576K, reserved 1056768K
  class space    used 933K, capacity 1031K, committed 1152K, reserved 1048576K
Event: 2.749 GC heap after
Heap after GC invocations=2 (full 1):
 PSYoungGen      total 9728K, used 0K [0x00000000f5b80000, 0x00000000f6600000, 0x0000000100000000)
  eden space 8704K, 0% used [0x00000000f5b80000,0x00000000f5b80000,0x00000000f6400000)
  from space 1024K, 0% used [0x00000000f6400000,0x00000000f6400000,0x00000000f6500000)
  to   space 1024K, 0% used [0x00000000f6500000,0x00000000f6500000,0x00000000f6600000)
 ParOldGen       total 22016K, used 5065K [0x00000000e1200000, 0x00000000e2780000, 0x00000000f5b80000)
  object space 22016K, 23% used [0x00000000e1200000,0x00000000e16f27f0,0x00000000e2780000)
 Metaspace       used 8140K, capacity 8406K, committed 8576K, reserved 1056768K
  class space    used 933K, capacity 1031K, committed 1152K, reserved 1048576K
}
Event: 6.368 GC heap before
{Heap before GC invocations=3 (full 1):
 PSYoungGen      total 9728K, used 8704K [0x00000000f5b80000, 0x00000000f6600000, 0x0000000100000000)
  eden space 8704K, 100% used [0x00000000f5b80000,0x00000000f6400000,0x00000000f6400000)
  from space 1024K, 0% used [0x00000000f6400000,0x00000000f6400000,0x00000000f6500000)
  to   space 1024K, 0% used [0x00000000f6500000,0x00000000f6500000,0x00000000f6600000)
 ParOldGen       total 22016K, used 5065K [0x00000000e1200000, 0x00000000e2780000, 0x00000000f5b80000)
  object space 22016K, 23% used [0x00000000e1200000,0x00000000e16f27f0,0x00000000e2780000)
 Metaspace       used 12524K, capacity 12734K, committed 12928K, reserved 1060864K
  class space    used 1481K, capacity 1550K, committed 1664K, reserved 1048576K
Event: 6.378 GC heap after
Heap after GC invocations=3 (full 1):
 PSYoungGen      total 9728K, used 997K [0x00000000f5b80000, 0x00000000f6800000, 0x0000000100000000)
  eden space 8704K, 0% used [0x00000000f5b80000,0x00000000f5b80000,0x00000000f6400000)
  from space 1024K, 97% used [0x00000000f6500000,0x00000000f65f9510,0x00000000f6600000)
  to   space 1024K, 0% used [0x00000000f6400000,0x00000000f6400000,0x00000000f6500000)
 ParOldGen       total 22016K, used 6417K [0x00000000e1200000, 0x00000000e2780000, 0x00000000f5b80000)
  object space 22016K, 29% used [0x00000000e1200000,0x00000000e18444f0,0x00000000e2780000)
 Metaspace       used 12524K, capacity 12734K, committed 12928K, reserved 1060864K
  class space    used 1481K, capacity 1550K, committed 1664K, reserved 1048576K
}
Event: 62.463 GC heap before
{Heap before GC invocations=4 (full 1):
 PSYoungGen      total 9728K, used 9701K [0x00000000f5b80000, 0x00000000f6800000, 0x0000000100000000)
  eden space 8704K, 100% used [0x00000000f5b80000,0x00000000f6400000,0x00000000f6400000)
  from space 1024K, 97% used [0x00000000f6500000,0x00000000f65f9510,0x00000000f6600000)
  to   space 1024K, 0% used [0x00000000f6400000,0x00000000f6400000,0x00000000f6500000)
 ParOldGen       total 22016K, used 6417K [0x00000000e1200000, 0x00000000e2780000, 0x00000000f5b80000)
  object space 22016K, 29% used [0x00000000e1200000,0x00000000e18444f0,0x00000000e2780000)
 Metaspace       used 17345K, capacity 17634K, committed 17920K, reserved 1064960K
  class space    used 2169K, capacity 2240K, committed 2304K, reserved 1048576K
Event: 62.476 GC heap after
Heap after GC invocations=4 (full 1):
 PSYoungGen      total 9728K, used 1008K [0x00000000f5b80000, 0x00000000f6780000, 0x0000000100000000)
  eden space 8704K, 0% used [0x00000000f5b80000,0x00000000f5b80000,0x00000000f6400000)
  from space 1024K, 98% used [0x00000000f6400000,0x00000000f64fc040,0x00000000f6500000)
  to   space 1024K, 0% used [0x00000000f6680000,0x00000000f6680000,0x00000000f6780000)
 ParOldGen       total 22016K, used 8666K [0x00000000e1200000, 0x00000000e2780000, 0x00000000f5b80000)
  object space 22016K, 39% used [0x00000000e1200000,0x00000000e1a769a0,0x00000000e2780000)
 Metaspace       used 17345K, capacity 17634K, committed 17920K, reserved 1064960K
  class space    used 2169K, capacity 2240K, committed 2304K, reserved 1048576K
}

