# JRE version: Java(TM) SE Runtime Environment (8.0_162-b12) (build 1.8.0_162-b12)
# Java VM: Java HotSpot(TM) 64-Bit Server VM (25.162-b12 mixed mode windows-amd64 compressed oops)
Heap:
 PSYoungGen      total 15360K, used 2238K [0x00000000f5b80000, 0x00000000f6e00000, 0x0000000100000000)
  eden space 14848K, 15% used [0x00000000f5b80000,0x00000000f5dafbf0,0x00000000f6a00000)
  from space 512K, 0% used [0x00000000f6c80000,0x00000000f6c80000,0x00000000f6d00000)
  to   space 1024K, 0% used [0x00000000f6d00000,0x00000000f6d00000,0x00000000f6e00000)
 ParOldGen       total 31232K, used 6643K [0x00000000e1200000, 0x00000000e3080000, 0x00000000f5b80000)
  object space 31232K, 21% used [0x00000000e1200000,0x00000000e187cde8,0x00000000e3080000)
 Metaspace       used 12981K, capacity 13134K, committed 13440K, reserved 1062912K
  class space    used 1521K, capacity 1576K, committed 1664K, reserved 1048576K
GC Heap History (10 events):
Event: 1.342 GC heap before
{Heap before GC invocations=2 (full 1):
 PSYoungGen      total 9728K, used 1024K [0x00000000f5b80000, 0x00000000f6e80000, 0x0000000100000000)
  eden space 8704K, 0% used [0x00000000f5b80000,0x00000000f5b80000,0x00000000f6400000)
  from space 1024K, 100% used [0x00000000f6400000,0x00000000f6500000,0x00000000f6500000)
  to   space 1024K, 0% used [0x00000000f6d80000,0x00000000f6d80000,0x00000000f6e80000)
 ParOldGen       total 22016K, used 11321K [0x00000000e1200000, 0x00000000e2780000, 0x00000000f5b80000)
  object space 22016K, 51% used [0x00000000e1200000,0x00000000e1d0e430,0x00000000e2780000)
 Metaspace       used 8135K, capacity 8338K, committed 8576K, reserved 1056768K
  class space    used 933K, capacity 1031K, committed 1152K, reserved 1048576K
Event: 1.380 GC heap after
Heap after GC invocations=2 (full 1):
 PSYoungGen      total 9728K, used 0K [0x00000000f5b80000, 0x00000000f6e80000, 0x0000000100000000)
  eden space 8704K, 0% used [0x00000000f5b80000,0x00000000f5b80000,0x00000000f6400000)
  from space 1024K, 0% used [0x00000000f6400000,0x00000000f6400000,0x00000000f6500000)
  to   space 1024K, 0% used [0x00000000f6d80000,0x00000000f6d80000,0x00000000f6e80000)
 ParOldGen       total 31232K, used 5065K [0x00000000e1200000, 0x00000000e3080000, 0x00000000f5b80000)
  object space 31232K, 16% used [0x00000000e1200000,0x00000000e16f2750,0x00000000e3080000)
 Metaspace       used 8135K, capacity 8338K, committed 8576K, reserved 1056768K
  class space    used 933K, capacity 1031K, committed 1152K, reserved 1048576K
}
Event: 5.169 GC heap before
{Heap before GC invocations=3 (full 1):
 PSYoungGen      total 9728K, used 7603K [0x00000000f5b80000, 0x00000000f6e80000, 0x0000000100000000)
  eden space 8704K, 87% used [0x00000000f5b80000,0x00000000f62eccd0,0x00000000f6400000)
  from space 1024K, 0% used [0x00000000f6400000,0x00000000f6400000,0x00000000f6500000)
  to   space 1024K, 0% used [0x00000000f6d80000,0x00000000f6d80000,0x00000000f6e80000)
 ParOldGen       total 31232K, used 5065K [0x00000000e1200000, 0x00000000e3080000, 0x00000000f5b80000)
  object space 31232K, 16% used [0x00000000e1200000,0x00000000e16f2750,0x00000000e3080000)
 Metaspace       used 12055K, capacity 12248K, committed 12288K, reserved 1064960K
  class space    used 1431K, capacity 1516K, committed 1536K, reserved 1048576K
Event: 5.174 GC heap after
Heap after GC invocations=3 (full 1):
 PSYoungGen      total 11776K, used 1023K [0x00000000f5b80000, 0x00000000f6e80000, 0x0000000100000000)
  eden space 10752K, 0% used [0x00000000f5b80000,0x00000000f5b80000,0x00000000f6600000)
  from space 1024K, 99% used [0x00000000f6d80000,0x00000000f6e7fdf0,0x00000000f6e80000)
  to   space 1024K, 0% used [0x00000000f6c80000,0x00000000f6c80000,0x00000000f6d80000)
 ParOldGen       total 31232K, used 5994K [0x00000000e1200000, 0x00000000e3080000, 0x00000000f5b80000)
  object space 31232K, 19% used [0x00000000e1200000,0x00000000e17da960,0x00000000e3080000)
 Metaspace       used 12055K, capacity 12248K, committed 12288K, reserved 1064960K
  class space    used 1431K, capacity 1516K, committed 1536K, reserved 1048576K
}
Event: 5.174 GC heap before
{Heap before GC invocations=4 (full 2):
 PSYoungGen      total 11776K, used 1023K [0x00000000f5b80000, 0x00000000f6e80000, 0x0000000100000000)
  eden space 10752K, 0% used [0x00000000f5b80000,0x00000000f5b80000,0x00000000f6600000)
  from space 1024K, 99% used [0x00000000f6d80000,0x00000000f6e7fdf0,0x00000000f6e80000)
  to   space 1024K, 0% used [0x00000000f6c80000,0x00000000f6c80000,0x00000000f6d80000)
 ParOldGen       total 31232K, used 5994K [0x00000000e1200000, 0x00000000e3080000, 0x00000000f5b80000)
  object space 31232K, 19% used [0x00000000e1200000,0x00000000e17da960,0x00000000e3080000)
 Metaspace       used 12055K, capacity 12248K, committed 12288K, reserved 1064960K
  class space    used 1431K, capacity 1516K, committed 1536K, reserved 1048576K
Event: 5.239 GC heap after
Heap after GC invocations=4 (full 2):
 PSYoungGen      total 11776K, used 0K [0x00000000f5b80000, 0x00000000f6e80000, 0x0000000100000000)
  eden space 10752K, 0% used [0x00000000f5b80000,0x00000000f5b80000,0x00000000f6600000)
  from space 1024K, 0% used [0x00000000f6d80000,0x00000000f6d80000,0x00000000f6e80000)
  to   space 1024K, 0% used [0x00000000f6c80000,0x00000000f6c80000,0x00000000f6d80000)
 ParOldGen       total 31232K, used 6842K [0x00000000e1200000, 0x00000000e3080000, 0x00000000f5b80000)
  object space 31232K, 21% used [0x00000000e1200000,0x00000000e18ae810,0x00000000e3080000)
 Metaspace       used 12055K, capacity 12248K, committed 12288K, reserved 1062912K
  class space    used 1431K, capacity 1516K, committed 1536K, reserved 1048576K
}
Event: 5.240 GC heap before
{Heap before GC invocations=5 (full 2):
 PSYoungGen      total 11776K, used 0K [0x00000000f5b80000, 0x00000000f6e80000, 0x0000000100000000)
  eden space 10752K, 0% used [0x00000000f5b80000,0x00000000f5b80000,0x00000000f6600000)
  from space 1024K, 0% used [0x00000000f6d80000,0x00000000f6d80000,0x00000000f6e80000)
  to   space 1024K, 0% used [0x00000000f6c80000,0x00000000f6c80000,0x00000000f6d80000)
 ParOldGen       total 31232K, used 6842K [0x00000000e1200000, 0x00000000e3080000, 0x00000000f5b80000)
  object space 31232K, 21% used [0x00000000e1200000,0x00000000e18ae810,0x00000000e3080000)
 Metaspace       used 12055K, capacity 12248K, committed 12288K, reserved 1067008K
  class space    used 1431K, capacity 1516K, committed 1536K, reserved 1048576K
Event: 5.242 GC heap after
Heap after GC invocations=5 (full 2):
 PSYoungGen      total 15360K, used 0K [0x00000000f5b80000, 0x00000000f6e00000, 0x0000000100000000)
  eden space 14848K, 0% used [0x00000000f5b80000,0x00000000f5b80000,0x00000000f6a00000)
  from space 512K, 0% used [0x00000000f6c80000,0x00000000f6c80000,0x00000000f6d00000)
  to   space 1024K, 0% used [0x00000000f6d00000,0x00000000f6d00000,0x00000000f6e00000)
 ParOldGen       total 31232K, used 6842K [0x00000000e1200000, 0x00000000e3080000, 0x00000000f5b80000)
  object space 31232K, 21% used [0x00000000e1200000,0x00000000e18ae810,0x00000000e3080000)
 Metaspace       used 12055K, capacity 12248K, committed 12288K, reserved 1067008K
  class space    used 1431K, capacity 1516K, committed 1536K, reserved 1048576K
}
Event: 5.242 GC heap before
{Heap before GC invocations=6 (full 3):
 PSYoungGen      total 15360K, used 0K [0x00000000f5b80000, 0x00000000f6e00000, 0x0000000100000000)
  eden space 14848K, 0% used [0x00000000f5b80000,0x00000000f5b80000,0x00000000f6a00000)
  from space 512K, 0% used [0x00000000f6c80000,0x00000000f6c80000,0x00000000f6d00000)
  to   space 1024K, 0% used [0x00000000f6d00000,0x00000000f6d00000,0x00000000f6e00000)
 ParOldGen       total 31232K, used 6842K [0x00000000e1200000, 0x00000000e3080000, 0x00000000f5b80000)
  object space 31232K, 21% used [0x00000000e1200000,0x00000000e18ae810,0x00000000e3080000)
 Metaspace       used 12055K, capacity 12248K, committed 12288K, reserved 1067008K
  class space    used 1431K, capacity 1516K, committed 1536K, reserved 1048576K
Event: 5.319 GC heap after
Heap after GC invocations=6 (full 3):
 PSYoungGen      total 15360K, used 0K [0x00000000f5b80000, 0x00000000f6e00000, 0x0000000100000000)
  eden space 14848K, 0% used [0x00000000f5b80000,0x00000000f5b80000,0x00000000f6a00000)
  from space 512K, 0% used [0x00000000f6c80000,0x00000000f6c80000,0x00000000f6d00000)
  to   space 1024K, 0% used [0x00000000f6d00000,0x00000000f6d00000,0x00000000f6e00000)
 ParOldGen       total 31232K, used 6643K [0x00000000e1200000, 0x00000000e3080000, 0x00000000f5b80000)
  object space 31232K, 21% used [0x00000000e1200000,0x00000000e187cde8,0x00000000e3080000)
 Metaspace       used 12045K, capacity 12232K, committed 12288K, reserved 1062912K
  class space    used 1427K, capacity 1510K, committed 1536K, reserved 1048576K
}

